<?xml version="1.0" encoding="UTF-8"?>
<robot generator="Robot 7.1 (Python 3.10.12 on linux)" generated="2024-09-23T19:29:04.519700" rpa="false" schemaversion="5">
<suite id="s1" name="Horadoqa" source="/home/rfahham/projetos/do-zero-ao-teste-automatizado/src/tests/horadoqa.robot">
<test id="s1-t1" name="Cenário1: Enviar dados pelo site" line="47">
<kw name="Given que o usuário acessou o site">
<kw name="Open Browser" owner="SeleniumLibrary">
<msg time="2024-09-23T19:29:04.751477" level="INFO">Opening browser 'chrome' to base url 'https://horadoqa.github.io/do-zero-ao-teste-automatizado/'.</msg>
<arg>${url}</arg>
<arg>chrome</arg>
<doc>Opens a new browser instance to the optional ``url``.</doc>
<status status="PASS" start="2024-09-23T19:29:04.751012" elapsed="3.945882"/>
</kw>
<status status="PASS" start="2024-09-23T19:29:04.750351" elapsed="3.957937"/>
</kw>
<kw name="And escolheu um item da lista de frameworks">
<kw name="Click Element" owner="SeleniumLibrary">
<msg time="2024-09-23T19:29:08.711942" level="INFO">Clicking element '//*[@id="select-itens"]/option[3]'.</msg>
<arg>${frameworks}</arg>
<doc>Click the element identified by ``locator``.</doc>
<status status="PASS" start="2024-09-23T19:29:08.710701" elapsed="0.115931"/>
</kw>
<kw name="Sleep" owner="BuiltIn">
<msg time="2024-09-23T19:29:13.828044" level="INFO">Slept 5 seconds.</msg>
<arg>5s</arg>
<doc>Pauses the test executed for the given time.</doc>
<status status="PASS" start="2024-09-23T19:29:08.827010" elapsed="5.001202"/>
</kw>
<status status="PASS" start="2024-09-23T19:29:08.709753" elapsed="5.118628"/>
</kw>
<kw name="And digitou algo sobre a escolha">
<kw name="Input Text" owner="SeleniumLibrary">
<msg time="2024-09-23T19:29:13.829621" level="INFO">Typing text 'Robot Framework is an open source automation framework for test automation and robotic process automation (RPA).' into text field '//*[@id="area"]'.</msg>
<arg>//*[@id="area"]</arg>
<arg>text=Robot Framework is an open source automation framework for test automation and robotic process automation (RPA).</arg>
<doc>Types the given ``text`` into the text field identified by ``locator``.</doc>
<status status="PASS" start="2024-09-23T19:29:13.829226" elapsed="0.407737"/>
</kw>
<kw name="Sleep" owner="BuiltIn">
<msg time="2024-09-23T19:29:19.238381" level="INFO">Slept 5 seconds.</msg>
<arg>5s</arg>
<doc>Pauses the test executed for the given time.</doc>
<status status="PASS" start="2024-09-23T19:29:14.237484" elapsed="5.001150"/>
</kw>
<status status="PASS" start="2024-09-23T19:29:13.828757" elapsed="5.410145"/>
</kw>
<kw name="And inseriu os dados pessoais">
<kw name="Input Text" owner="SeleniumLibrary">
<msg time="2024-09-23T19:29:19.240062" level="INFO">Typing text 'Ricardo Fahham' into text field '//*[@id="name"]'.</msg>
<arg>//*[@id="name"]</arg>
<arg>Ricardo Fahham</arg>
<doc>Types the given ``text`` into the text field identified by ``locator``.</doc>
<status status="PASS" start="2024-09-23T19:29:19.239795" elapsed="0.222055"/>
</kw>
<kw name="Input Text" owner="SeleniumLibrary">
<msg time="2024-09-23T19:29:19.463046" level="INFO">Typing text 'horadoqa@gmail.com' into text field '//*[@id="email"]'.</msg>
<arg>//*[@id="email"]</arg>
<arg>horadoqa@gmail.com</arg>
<doc>Types the given ``text`` into the text field identified by ``locator``.</doc>
<status status="PASS" start="2024-09-23T19:29:19.462332" elapsed="0.208026"/>
</kw>
<kw name="Input Text" owner="SeleniumLibrary">
<msg time="2024-09-23T19:29:19.671780" level="INFO">Typing text '219876543210' into text field '//*[@id="phone"]'.</msg>
<arg>//*[@id="phone"]</arg>
<arg>219876543210</arg>
<doc>Types the given ``text`` into the text field identified by ``locator``.</doc>
<status status="PASS" start="2024-09-23T19:29:19.670817" elapsed="0.231017"/>
</kw>
<status status="PASS" start="2024-09-23T19:29:19.239338" elapsed="0.662864"/>
</kw>
<kw name="And informou o país de origem">
<kw name="Click Element" owner="SeleniumLibrary">
<msg time="2024-09-23T19:29:19.904611" level="INFO">Clicking element '//*[@id="country"]/option[4]'.</msg>
<arg>//*[@id="country"]/option[4]</arg>
<doc>Click the element identified by ``locator``.</doc>
<status status="PASS" start="2024-09-23T19:29:19.903824" elapsed="0.093967"/>
</kw>
<kw name="Sleep" owner="BuiltIn">
<msg time="2024-09-23T19:29:24.998461" level="INFO">Slept 5 seconds.</msg>
<arg>5s</arg>
<doc>Pauses the test executed for the given time.</doc>
<status status="PASS" start="2024-09-23T19:29:19.998053" elapsed="5.000568"/>
</kw>
<status status="PASS" start="2024-09-23T19:29:19.902886" elapsed="5.095890"/>
</kw>
<kw name="And clicar em &quot;Enviar&quot;">
<kw name="Click Element" owner="SeleniumLibrary">
<msg time="2024-09-23T19:29:24.999949" level="INFO">Clicking element '//*[@id="submitButton"]'.</msg>
<arg>//*[@id="submitButton"]</arg>
<doc>Click the element identified by ``locator``.</doc>
<status status="PASS" start="2024-09-23T19:29:24.999614" elapsed="0.444644"/>
</kw>
<kw name="Sleep" owner="BuiltIn">
<msg time="2024-09-23T19:29:30.447455" level="INFO">Slept 5 seconds.</msg>
<arg>5s</arg>
<doc>Pauses the test executed for the given time.</doc>
<status status="PASS" start="2024-09-23T19:29:25.445667" elapsed="5.001943"/>
</kw>
<status status="PASS" start="2024-09-23T19:29:24.999146" elapsed="5.448644"/>
</kw>
<kw name="And a mensagem de confirmação será exibida">
<kw name="Wait Until Element Is Visible" owner="SeleniumLibrary">
<arg>${verificação}</arg>
<arg>10</arg>
<doc>Waits until the element ``locator`` is visible.</doc>
<status status="PASS" start="2024-09-23T19:29:30.448601" elapsed="0.054828"/>
</kw>
<kw name="Element Should Be Visible" owner="SeleniumLibrary">
<msg time="2024-09-23T19:29:30.530459" level="INFO">Element '//h1[contains(text(), "Obrigado por sua participação !!!")]' is displayed.</msg>
<arg>${verificação}</arg>
<doc>Verifies that the element identified by ``locator`` is visible.</doc>
<status status="PASS" start="2024-09-23T19:29:30.503853" elapsed="0.026730"/>
</kw>
<kw name="Sleep" owner="BuiltIn">
<msg time="2024-09-23T19:29:35.531560" level="INFO">Slept 5 seconds.</msg>
<arg>5s</arg>
<doc>Pauses the test executed for the given time.</doc>
<status status="PASS" start="2024-09-23T19:29:30.530818" elapsed="5.001008"/>
</kw>
<status status="PASS" start="2024-09-23T19:29:30.448142" elapsed="5.083965"/>
</kw>
<kw name="Then o site será fechado">
<kw name="Close Browser" owner="SeleniumLibrary">
<doc>Closes the current browser.</doc>
<status status="PASS" start="2024-09-23T19:29:35.534705" elapsed="0.172460"/>
</kw>
<status status="PASS" start="2024-09-23T19:29:35.533039" elapsed="0.174604"/>
</kw>
<status status="PASS" start="2024-09-23T19:29:04.748500" elapsed="30.959851"/>
</test>
<status status="PASS" start="2024-09-23T19:29:04.534821" elapsed="31.181574"/>
</suite>
<statistics>
<total>
<stat pass="1" fail="0" skip="0">All Tests</stat>
</total>
<tag>
</tag>
<suite>
<stat pass="1" fail="0" skip="0" id="s1" name="Horadoqa">Horadoqa</stat>
</suite>
</statistics>
<errors>
</errors>
</robot>
